<?xml version="1.0" encoding="UTF-8"?>
<testng-results ignored="0" total="1" passed="1" failed="0" skipped="0">
  <reporter-output>
    <line>
      <![CDATA[System Setting up]]>
    </line>
    <line>
      <![CDATA[System Setting up done]]>
    </line>
    <line>
      <![CDATA[Launching the Browser]]>
    </line>
    <line>
      <![CDATA[Browser launc is Succesful]]>
    </line>
    <line>
      <![CDATA[Extent Reports are starting to generate]]>
    </line>
    <line>
      <![CDATA[Take Screenshot ---> Reort generated]]>
    </line>
    <line>
      <![CDATA[Trying to close the Browser]]>
    </line>
    <line>
      <![CDATA[Browser Closed Succesfully]]>
    </line>
  </reporter-output>
  <suite started-at="2021-07-21T08:03:57 IST" name="Suite" finished-at="2021-07-21T08:04:30 IST" duration-ms="32235">
    <groups>
    </groups>
    <test started-at="2021-07-21T08:03:57 IST" name="Test" finished-at="2021-07-21T08:04:30 IST" duration-ms="32235">
      <class name="com.testcases.TC01_LoginCRM">
        <test-method is-config="true" signature="startUpSuite()[pri:0, instance:com.testcases.TC01_LoginCRM@5e82df6a]" started-at="2021-07-21T08:03:56 IST" name="startUpSuite" finished-at="2021-07-21T08:03:57 IST" duration-ms="1313" status="PASS">
          <reporter-output>
            <line>
              <![CDATA[System Setting up]]>
            </line>
            <line>
              <![CDATA[System Setting up done]]>
            </line>
          </reporter-output>
        </test-method> <!-- startUpSuite -->
        <test-method is-config="true" signature="startUp()[pri:0, instance:com.testcases.TC01_LoginCRM@5e82df6a]" started-at="2021-07-21T08:03:57 IST" name="startUp" finished-at="2021-07-21T08:04:17 IST" duration-ms="20050" status="PASS">
          <reporter-output>
            <line>
              <![CDATA[Launching the Browser]]>
            </line>
            <line>
              <![CDATA[Browser launc is Succesful]]>
            </line>
          </reporter-output>
        </test-method> <!-- startUp -->
        <test-method signature="loginCRM()[pri:0, instance:com.testcases.TC01_LoginCRM@5e82df6a]" started-at="2021-07-21T08:04:18 IST" name="loginCRM" finished-at="2021-07-21T08:04:26 IST" duration-ms="8748" status="PASS">
          <reporter-output>
          </reporter-output>
        </test-method> <!-- loginCRM -->
        <test-method is-config="true" signature="tearDowmMethod(org.testng.ITestResult)[pri:0, instance:com.testcases.TC01_LoginCRM@5e82df6a]" started-at="2021-07-21T08:04:26 IST" name="tearDowmMethod" finished-at="2021-07-21T08:04:29 IST" duration-ms="2312" status="PASS">
          <params>
            <param index="0">
              <value>
                <![CDATA[[TestResult name=loginCRM status=SUCCESS method=TC01_LoginCRM.loginCRM()[pri:0, instance:com.testcases.TC01_LoginCRM@5e82df6a] output={null}]]]>
              </value>
            </param>
          </params>
          <reporter-output>
            <line>
              <![CDATA[Extent Reports are starting to generate]]>
            </line>
            <line>
              <![CDATA[Take Screenshot ---> Reort generated]]>
            </line>
          </reporter-output>
        </test-method> <!-- tearDowmMethod -->
        <test-method is-config="true" signature="tearDown()[pri:0, instance:com.testcases.TC01_LoginCRM@5e82df6a]" started-at="2021-07-21T08:04:29 IST" name="tearDown" finished-at="2021-07-21T08:04:30 IST" duration-ms="1074" status="PASS">
          <reporter-output>
            <line>
              <![CDATA[Trying to close the Browser]]>
            </line>
            <line>
              <![CDATA[Browser Closed Succesfully]]>
            </line>
          </reporter-output>
        </test-method> <!-- tearDown -->
      </class> <!-- com.testcases.TC01_LoginCRM -->
    </test> <!-- Test -->
  </suite> <!-- Suite -->
</testng-results>
